0 info it worked if it ends with ok
1 verbose cli [ 'node', '/usr/local/bin/npm', 'install', 'heatmap' ]
2 info using npm@2.3.0
3 info using node@v0.11.16
4 warn package.json @ No repository field.
5 warn package.json node-libs-browser@0.5.0 No repository field.
6 silly cache add args [ 'heatmap@0.0.5', null ]
7 verbose cache add spec heatmap@0.0.5
8 silly cache add parsed spec { raw: 'heatmap@0.0.5',
8 silly cache add   scope: null,
8 silly cache add   name: 'heatmap',
8 silly cache add   rawSpec: '0.0.5',
8 silly cache add   spec: '0.0.5',
8 silly cache add   type: 'version' }
9 verbose addNamed heatmap@0.0.5
10 silly addNamed semver.valid 0.0.5
11 silly addNamed semver.validRange 0.0.5
12 silly mapToRegistry name heatmap
13 silly mapToRegistry using default registry
14 silly mapToRegistry registry https://registry.npmjs.org/
15 silly mapToRegistry uri https://registry.npmjs.org/heatmap
16 verbose addNameVersion registry:https://registry.npmjs.org/heatmap not in flight; fetching
17 verbose request uri https://registry.npmjs.org/heatmap
18 verbose request no auth needed
19 info attempt registry request try #1 at 09:32:01
20 verbose request id 1d2f7229b620ef14
21 verbose etag "96Z03BKWRPSBSKH2S2O3TMMDM"
22 http request GET https://registry.npmjs.org/heatmap
23 http 304 https://registry.npmjs.org/heatmap
24 silly get cb [ 304,
24 silly get   { date: 'Fri, 22 May 2015 01:32:01 GMT',
24 silly get     via: '1.1 varnish',
24 silly get     'cache-control': 'max-age=60',
24 silly get     etag: '"96Z03BKWRPSBSKH2S2O3TMMDM"',
24 silly get     age: '0',
24 silly get     connection: 'keep-alive',
24 silly get     'x-served-by': 'cache-nrt6122-NRT',
24 silly get     'x-cache': 'HIT',
24 silly get     'x-cache-hits': '1',
24 silly get     'x-timer': 'S1432258321.333301,VS0,VE102',
24 silly get     vary: 'Accept' } ]
25 verbose etag https://registry.npmjs.org/heatmap from cache
26 silly cache afterAdd heatmap@0.0.5
27 verbose afterAdd /Users/lintzuhsiu/.npm/heatmap/0.0.5/package/package.json not in flight; writing
28 verbose afterAdd /Users/lintzuhsiu/.npm/heatmap/0.0.5/package/package.json written
29 silly install resolved [ { name: 'heatmap',
29 silly install resolved     version: '0.0.5',
29 silly install resolved     description: 'canvas heat maps for node and the browser',
29 silly install resolved     main: 'index.js',
29 silly install resolved     directories: { lib: '.', example: 'example', test: 'test' },
29 silly install resolved     dependencies: { 'color-convert': '0.2.x', canvas: '1.0.x' },
29 silly install resolved     devDependencies:
29 silly install resolved      { expresso: '0.7.x',
29 silly install resolved        'jquery-browserify': '1.6.x',
29 silly install resolved        browserify: '1.3.x',
29 silly install resolved        'uglify-js': '>=1.0.6 <1.1' },
29 silly install resolved     scripts: { test: 'expresso' },
29 silly install resolved     repository:
29 silly install resolved      { type: 'git',
29 silly install resolved        url: 'http://github.com/substack/node-heatmap.git' },
29 silly install resolved     keywords: [ 'heatmap', 'canvas', 'browser' ],
29 silly install resolved     author:
29 silly install resolved      { name: 'James Halliday',
29 silly install resolved        email: 'mail@substack.net',
29 silly install resolved        url: 'http://substack.net' },
29 silly install resolved     license: 'MIT/X11',
29 silly install resolved     engine: { node: '>=0.4' },
29 silly install resolved     readme: 'heatmap\n=======\n\nHeatmaps for node.js and the browser, groovy!\n\n![groovy heatmap, man](http://substack.net/images/heatmap.png)\n\nexample\n=======\n\nblob.js\n-------\n\n````javascript\nvar heatmap = require(\'heatmap\');\n\nvar heat = heatmap(500, 500, { radius : 30 });\nfor (var i = 0; i < 5000; i++) {\n    var rho = Math.random() * 2 * Math.PI;\n    var z = Math.pow(Math.random(), 2) * 200;\n    \n    var x = 250 + Math.cos(rho) * z;\n    var y = 250 + Math.sin(rho) * z;\n    \n    heat.addPoint(x, y);\n}\nheat.draw();\n\nvar fs = require(\'fs\');\nfs.writeFileSync(\'blob.png\', heat.canvas.toBuffer());\n````\n\nmethods\n=======\n\nvar heatmap = require(\'heatmap\');\n\nvar heat = heatmap(...)\n-----------------------\n\nCreate a new heatmap from an existing canvas element, a numeric width and\nheight, or an option object with canvas or width and height fields.\n\nOptionally, you can set the `opts.radius` and `opts.threshold` to control the\nrendering a little.\n\nheat.addPoint(x, y, params)\n---------------------------\n\nAdd a point to the heatmap with a `radius`.\n\n`params` can have:\n\n* radius, defaults to heat.radius || 20\n* weight, defaults to 0.1\n\nheat.scale(x, y)\n----------------\n\nScale the canvas by the coefficients `x` and `y`.\n\nIf `y` is undefined, scale both x and y by the first parameter, `x`.\n\nheat.draw()\n-----------\n\nRender all the points onto the canvas element.\n\nheat.canvas\n-----------\n\nThe HTML Canvas element.\n\nProtip: with the [canvas module](https://github.com/LearnBoost/node-canvas) for\nnode you can `heat.canvas.buffer()` to get a Buffer with a PNG file all up in it.\n\ninstall\n=======\n\nWith [npm](http://npmjs.org), just do:\n\n    npm install heatmap\n',
29 silly install resolved     readmeFilename: 'README.markdown',
29 silly install resolved     _id: 'heatmap@0.0.5',
29 silly install resolved     dist:
29 silly install resolved      { shasum: 'de6aeda7f2e491a78eec5d26fba0bd3b79955097',
29 silly install resolved        tarball: 'http://registry.npmjs.org/heatmap/-/heatmap-0.0.5.tgz' },
29 silly install resolved     _from: 'heatmap@0.0.5',
29 silly install resolved     _npmVersion: '1.2.2',
29 silly install resolved     _npmUser: { name: 'substack', email: 'mail@substack.net' },
29 silly install resolved     maintainers: [ [Object] ],
29 silly install resolved     _shasum: 'de6aeda7f2e491a78eec5d26fba0bd3b79955097',
29 silly install resolved     _resolved: 'https://registry.npmjs.org/heatmap/-/heatmap-0.0.5.tgz',
29 silly install resolved     bugs: { url: 'https://github.com/substack/node-heatmap/issues' },
29 silly install resolved     homepage: 'https://github.com/substack/node-heatmap' } ]
30 info install heatmap@0.0.5 into /Users/lintzuhsiu/Developer/Web/environment_pollution/www/fronend
31 info installOne heatmap@0.0.5
32 verbose installOne of heatmap to /Users/lintzuhsiu/Developer/Web/environment_pollution/www/fronend not in flight; installing
33 verbose lock using /Users/lintzuhsiu/.npm/_locks/heatmap-383ee63187a91354.lock for /Users/lintzuhsiu/Developer/Web/environment_pollution/www/fronend/node_modules/heatmap
34 silly install write writing heatmap 0.0.5 to /Users/lintzuhsiu/Developer/Web/environment_pollution/www/fronend/node_modules/heatmap
35 silly cache addNamed cb heatmap@0.0.5
36 verbose unbuild node_modules/heatmap
37 info preuninstall heatmap@0.0.5
38 info uninstall heatmap@0.0.5
39 verbose unbuild rmStuff heatmap@0.0.5 from /Users/lintzuhsiu/Developer/Web/environment_pollution/www/fronend/node_modules
40 info postuninstall heatmap@0.0.5
41 verbose gentlyRm vacuuming /Users/lintzuhsiu/Developer/Web/environment_pollution/www/fronend/node_modules/heatmap
42 silly gentlyRm purging /Users/lintzuhsiu/Developer/Web/environment_pollution/www/fronend/node_modules/heatmap
43 silly gentlyRm quitting because other entries in /Users/lintzuhsiu/Developer/Web/environment_pollution/www/fronend/node_modules
44 verbose tar unpack /Users/lintzuhsiu/.npm/heatmap/0.0.5/package.tgz
45 verbose tar unpacking to /Users/lintzuhsiu/Developer/Web/environment_pollution/www/fronend/node_modules/heatmap
46 verbose gentlyRm vacuuming /Users/lintzuhsiu/Developer/Web/environment_pollution/www/fronend/node_modules/heatmap
47 silly gunzTarPerm modes [ '755', '644' ]
48 silly gunzTarPerm extractEntry package.json
49 silly gunzTarPerm extractEntry index.js
50 silly gunzTarPerm extractEntry example/blob.js
51 silly gunzTarPerm extractEntry example/web/server.js
52 silly gunzTarPerm extractEntry example/web/main.js
53 silly gunzTarPerm extractEntry example/web/index.html
54 silly gunzTarPerm extractEntry README.markdown
55 info preinstall heatmap@0.0.5
56 silly prepareForInstallMany adding color-convert@0.2.x from heatmap dependencies
57 silly prepareForInstallMany adding canvas@1.0.x from heatmap dependencies
58 silly cache add args [ 'color-convert@0.2.x', null ]
59 verbose cache add spec color-convert@0.2.x
60 silly cache add args [ 'canvas@1.0.x', null ]
61 verbose cache add spec canvas@1.0.x
62 silly cache add parsed spec { raw: 'color-convert@0.2.x',
62 silly cache add   scope: null,
62 silly cache add   name: 'color-convert',
62 silly cache add   rawSpec: '0.2.x',
62 silly cache add   spec: '>=0.2.0 <0.3.0',
62 silly cache add   type: 'range' }
63 verbose addNamed color-convert@>=0.2.0 <0.3.0
64 silly addNamed semver.valid null
65 silly addNamed semver.validRange >=0.2.0 <0.3.0
66 silly addNameRange { name: 'color-convert',
66 silly addNameRange   range: '>=0.2.0 <0.3.0',
66 silly addNameRange   hasData: false }
67 silly mapToRegistry name color-convert
68 silly mapToRegistry using default registry
69 silly mapToRegistry registry https://registry.npmjs.org/
70 silly mapToRegistry uri https://registry.npmjs.org/color-convert
71 verbose addNameRange registry:https://registry.npmjs.org/color-convert not in flight; fetching
72 silly cache add parsed spec { raw: 'canvas@1.0.x',
72 silly cache add   scope: null,
72 silly cache add   name: 'canvas',
72 silly cache add   rawSpec: '1.0.x',
72 silly cache add   spec: '>=1.0.0 <1.1.0',
72 silly cache add   type: 'range' }
73 verbose addNamed canvas@>=1.0.0 <1.1.0
74 silly addNamed semver.valid null
75 silly addNamed semver.validRange >=1.0.0 <1.1.0
76 silly addNameRange { name: 'canvas', range: '>=1.0.0 <1.1.0', hasData: false }
77 silly mapToRegistry name canvas
78 silly mapToRegistry using default registry
79 silly mapToRegistry registry https://registry.npmjs.org/
80 silly mapToRegistry uri https://registry.npmjs.org/canvas
81 verbose addNameRange registry:https://registry.npmjs.org/canvas not in flight; fetching
82 verbose request uri https://registry.npmjs.org/color-convert
83 verbose request no auth needed
84 info attempt registry request try #1 at 09:32:02
85 verbose etag "BZQ1SJS5OQVVLPQYYPRQAVF27"
86 http request GET https://registry.npmjs.org/color-convert
87 verbose request uri https://registry.npmjs.org/canvas
88 verbose request no auth needed
89 info attempt registry request try #1 at 09:32:02
90 verbose etag "8W4D1ST7QSUEGDV2Y4VEAT0QD"
91 http request GET https://registry.npmjs.org/canvas
92 http 304 https://registry.npmjs.org/color-convert
93 silly get cb [ 304,
93 silly get   { date: 'Fri, 22 May 2015 01:32:01 GMT',
93 silly get     via: '1.1 varnish',
93 silly get     'cache-control': 'max-age=60',
93 silly get     etag: '"BZQ1SJS5OQVVLPQYYPRQAVF27"',
93 silly get     age: '0',
93 silly get     connection: 'keep-alive',
93 silly get     'x-served-by': 'cache-nrt6122-NRT',
93 silly get     'x-cache': 'HIT',
93 silly get     'x-cache-hits': '1',
93 silly get     'x-timer': 'S1432258321.560121,VS0,VE186',
93 silly get     vary: 'Accept' } ]
94 verbose etag https://registry.npmjs.org/color-convert from cache
95 silly addNameRange number 2 { name: 'color-convert', range: '>=0.2.0 <0.3.0', hasData: true }
96 silly addNameRange versions [ 'color-convert',
96 silly addNameRange   [ '0.1.0',
96 silly addNameRange     '0.2.0',
96 silly addNameRange     '0.2.1',
96 silly addNameRange     '0.3.0',
96 silly addNameRange     '0.3.1',
96 silly addNameRange     '0.3.4',
96 silly addNameRange     '0.4.0',
96 silly addNameRange     '0.5.0',
96 silly addNameRange     '0.5.1',
96 silly addNameRange     '0.5.2' ] ]
97 verbose addNamed color-convert@0.2.1
98 silly addNamed semver.valid 0.2.1
99 silly addNamed semver.validRange 0.2.1
100 silly cache afterAdd color-convert@0.2.1
101 verbose afterAdd /Users/lintzuhsiu/.npm/color-convert/0.2.1/package/package.json not in flight; writing
102 verbose afterAdd /Users/lintzuhsiu/.npm/color-convert/0.2.1/package/package.json written
103 http 304 https://registry.npmjs.org/canvas
104 silly get cb [ 304,
104 silly get   { date: 'Fri, 22 May 2015 01:32:01 GMT',
104 silly get     via: '1.1 varnish',
104 silly get     'cache-control': 'max-age=60',
104 silly get     etag: '"8W4D1ST7QSUEGDV2Y4VEAT0QD"',
104 silly get     age: '0',
104 silly get     connection: 'keep-alive',
104 silly get     'x-served-by': 'cache-nrt6121-NRT',
104 silly get     'x-cache': 'HIT',
104 silly get     'x-cache-hits': '1',
104 silly get     'x-timer': 'S1432258321.722308,VS0,VE108',
104 silly get     vary: 'Accept' } ]
105 verbose etag https://registry.npmjs.org/canvas from cache
106 silly addNameRange number 2 { name: 'canvas', range: '>=1.0.0 <1.1.0', hasData: true }
107 silly addNameRange versions [ 'canvas',
107 silly addNameRange   [ '0.0.1',
107 silly addNameRange     '0.0.2',
107 silly addNameRange     '0.0.3',
107 silly addNameRange     '0.0.4',
107 silly addNameRange     '0.0.5',
107 silly addNameRange     '0.0.6',
107 silly addNameRange     '0.0.7',
107 silly addNameRange     '0.0.8',
107 silly addNameRange     '0.1.0',
107 silly addNameRange     '0.2.0',
107 silly addNameRange     '0.2.1',
107 silly addNameRange     '0.3.0',
107 silly addNameRange     '0.3.1',
107 silly addNameRange     '0.3.2',
107 silly addNameRange     '0.3.3',
107 silly addNameRange     '0.4.0',
107 silly addNameRange     '0.4.1',
107 silly addNameRange     '0.4.2',
107 silly addNameRange     '0.4.3',
107 silly addNameRange     '0.5.0',
107 silly addNameRange     '0.5.1',
107 silly addNameRange     '0.5.2',
107 silly addNameRange     '0.5.3',
107 silly addNameRange     '0.5.4',
107 silly addNameRange     '0.6.0',
107 silly addNameRange     '0.7.0',
107 silly addNameRange     '0.7.1',
107 silly addNameRange     '0.7.2',
107 silly addNameRange     '0.7.3',
107 silly addNameRange     '0.8.0',
107 silly addNameRange     '0.8.1',
107 silly addNameRange     '0.8.2',
107 silly addNameRange     '0.8.3',
107 silly addNameRange     '0.9.0',
107 silly addNameRange     '0.10.0',
107 silly addNameRange     '0.10.1',
107 silly addNameRange     '0.10.2',
107 silly addNameRange     '0.10.3',
107 silly addNameRange     '0.11.0',
107 silly addNameRange     '0.11.1',
107 silly addNameRange     '0.11.2',
107 silly addNameRange     '0.11.3',
107 silly addNameRange     '0.12.0',
107 silly addNameRange     '0.12.1',
107 silly addNameRange     '0.13.0',
107 silly addNameRange     '0.13.1',
107 silly addNameRange     '1.0.0',
107 silly addNameRange     '1.0.1',
107 silly addNameRange     '1.0.2',
107 silly addNameRange     '1.0.3',
107 silly addNameRange     '1.0.4',
107 silly addNameRange     '1.1.0',
107 silly addNameRange     '1.1.1',
107 silly addNameRange     '1.1.2',
107 silly addNameRange     '1.1.3',
107 silly addNameRange     '1.1.4',
107 silly addNameRange     '1.1.5',
107 silly addNameRange     '1.1.6',
107 silly addNameRange     '1.2.0',
107 silly addNameRange     '1.2.1',
107 silly addNameRange     '1.2.2' ] ]
108 verbose addNamed canvas@1.0.4
109 silly addNamed semver.valid 1.0.4
110 silly addNamed semver.validRange 1.0.4
111 silly cache afterAdd canvas@1.0.4
112 verbose afterAdd /Users/lintzuhsiu/.npm/canvas/1.0.4/package/package.json not in flight; writing
113 verbose afterAdd /Users/lintzuhsiu/.npm/canvas/1.0.4/package/package.json written
114 silly install resolved [ { name: 'color-convert',
114 silly install resolved     description: 'Plain color conversion functions',
114 silly install resolved     version: '0.2.1',
114 silly install resolved     author: { name: 'Heather Arthur', email: 'fayearthur@gmail.com' },
114 silly install resolved     repository:
114 silly install resolved      { type: 'git',
114 silly install resolved        url: 'git://github.com/harthur/color-convert.git' },
114 silly install resolved     main: './index',
114 silly install resolved     devDependencies: { browserify: '>=1.0.0', 'uglify-js': '1.0.x' },
114 silly install resolved     keywords: [ 'color', 'colour', 'rgb' ],
114 silly install resolved     _npmJsonOpts:
114 silly install resolved      { file: '/Users/harth/.npm/color-convert/0.2.1/package/package.json',
114 silly install resolved        wscript: false,
114 silly install resolved        contributors: false,
114 silly install resolved        serverjs: false },
114 silly install resolved     _id: 'color-convert@0.2.1',
114 silly install resolved     dependencies: {},
114 silly install resolved     engines: { node: '*' },
114 silly install resolved     _engineSupported: true,
114 silly install resolved     _npmVersion: '1.0.13',
114 silly install resolved     _nodeVersion: 'v0.5.0-pre',
114 silly install resolved     _defaultsLoaded: true,
114 silly install resolved     dist:
114 silly install resolved      { shasum: '363cab23c94b31a0d64db71048b8c6a940f8c68c',
114 silly install resolved        tarball: 'http://registry.npmjs.org/color-convert/-/color-convert-0.2.1.tgz' },
114 silly install resolved     scripts: {},
114 silly install resolved     directories: {},
114 silly install resolved     _shasum: '363cab23c94b31a0d64db71048b8c6a940f8c68c',
114 silly install resolved     _resolved: 'https://registry.npmjs.org/color-convert/-/color-convert-0.2.1.tgz',
114 silly install resolved     _from: 'color-convert@>=0.2.0 <0.3.0',
114 silly install resolved     bugs: { url: 'https://github.com/harthur/color-convert/issues' },
114 silly install resolved     readme: 'ERROR: No README data found!',
114 silly install resolved     homepage: 'https://github.com/harthur/color-convert' },
114 silly install resolved   { name: 'canvas',
114 silly install resolved     description: 'Canvas graphics API backed by Cairo',
114 silly install resolved     version: '1.0.4',
114 silly install resolved     author: { name: 'TJ Holowaychuk', email: 'tj@learnboost.com' },
114 silly install resolved     keywords:
114 silly install resolved      [ 'canvas',
114 silly install resolved        'graphic',
114 silly install resolved        'graphics',
114 silly install resolved        'pixman',
114 silly install resolved        'cairo',
114 silly install resolved        'image',
114 silly install resolved        'images',
114 silly install resolved        'pdf' ],
114 silly install resolved     homepage: 'https://github.com/learnboost/node-canvas',
114 silly install resolved     repository: { type: 'git', url: 'git://github.com/learnboost/node-canvas' },
114 silly install resolved     scripts: { test: 'make test', install: 'node-gyp rebuild' },
114 silly install resolved     devDependencies: { express: '3.0', jade: '0.28.1', mocha: '*', should: '*' },
114 silly install resolved     engines: { node: '>= 0.6.0' },
114 silly install resolved     main: './lib/canvas.js',
114 silly install resolved     gypfile: true,
114 silly install resolved     bugs: { url: 'https://github.com/learnboost/node-canvas/issues' },
114 silly install resolved     _id: 'canvas@1.0.4',
114 silly install resolved     dist:
114 silly install resolved      { shasum: 'e17c9eef9e7ffc2df0d03e02761e5ef31d694c46',
114 silly install resolved        tarball: 'http://registry.npmjs.org/canvas/-/canvas-1.0.4.tgz' },
114 silly install resolved     _from: 'canvas@>=1.0.0 <1.1.0',
114 silly install resolved     _npmVersion: '1.2.30',
114 silly install resolved     _npmUser: { name: 'tjholowaychuk', email: 'tj@vision-media.ca' },
114 silly install resolved     maintainers: [ [Object] ],
114 silly install resolved     directories: {},
114 silly install resolved     _shasum: 'e17c9eef9e7ffc2df0d03e02761e5ef31d694c46',
114 silly install resolved     _resolved: 'https://registry.npmjs.org/canvas/-/canvas-1.0.4.tgz',
114 silly install resolved     readme: 'ERROR: No README data found!' } ]
115 info install color-convert@0.2.1 into /Users/lintzuhsiu/Developer/Web/environment_pollution/www/fronend/node_modules/heatmap
116 info install canvas@1.0.4 into /Users/lintzuhsiu/Developer/Web/environment_pollution/www/fronend/node_modules/heatmap
117 info installOne color-convert@0.2.1
118 verbose installOne of color-convert to /Users/lintzuhsiu/Developer/Web/environment_pollution/www/fronend/node_modules/heatmap not in flight; installing
119 info installOne canvas@1.0.4
120 verbose installOne of canvas to /Users/lintzuhsiu/Developer/Web/environment_pollution/www/fronend/node_modules/heatmap not in flight; installing
121 verbose lock using /Users/lintzuhsiu/.npm/_locks/color-convert-ca953c11b4cc287b.lock for /Users/lintzuhsiu/Developer/Web/environment_pollution/www/fronend/node_modules/heatmap/node_modules/color-convert
122 verbose lock using /Users/lintzuhsiu/.npm/_locks/canvas-ce3adb029051abec.lock for /Users/lintzuhsiu/Developer/Web/environment_pollution/www/fronend/node_modules/heatmap/node_modules/canvas
123 silly install write writing color-convert 0.2.1 to /Users/lintzuhsiu/Developer/Web/environment_pollution/www/fronend/node_modules/heatmap/node_modules/color-convert
124 silly cache addNamed cb color-convert@0.2.1
125 verbose unbuild node_modules/heatmap/node_modules/color-convert
126 silly install write writing canvas 1.0.4 to /Users/lintzuhsiu/Developer/Web/environment_pollution/www/fronend/node_modules/heatmap/node_modules/canvas
127 silly cache addNamed cb canvas@1.0.4
128 verbose unbuild node_modules/heatmap/node_modules/canvas
129 verbose gentlyRm vacuuming /Users/lintzuhsiu/Developer/Web/environment_pollution/www/fronend/node_modules/heatmap/node_modules/color-convert
130 verbose gentlyRm vacuuming /Users/lintzuhsiu/Developer/Web/environment_pollution/www/fronend/node_modules/heatmap/node_modules/canvas
131 verbose tar unpack /Users/lintzuhsiu/.npm/color-convert/0.2.1/package.tgz
132 verbose tar unpacking to /Users/lintzuhsiu/Developer/Web/environment_pollution/www/fronend/node_modules/heatmap/node_modules/color-convert
133 verbose gentlyRm vacuuming /Users/lintzuhsiu/Developer/Web/environment_pollution/www/fronend/node_modules/heatmap/node_modules/color-convert
134 verbose tar unpack /Users/lintzuhsiu/.npm/canvas/1.0.4/package.tgz
135 verbose tar unpacking to /Users/lintzuhsiu/Developer/Web/environment_pollution/www/fronend/node_modules/heatmap/node_modules/canvas
136 verbose gentlyRm vacuuming /Users/lintzuhsiu/Developer/Web/environment_pollution/www/fronend/node_modules/heatmap/node_modules/canvas
137 silly gunzTarPerm modes [ '755', '644' ]
138 silly gunzTarPerm modes [ '755', '644' ]
139 silly gunzTarPerm extractEntry color-convert-0.2.0.js
140 silly gunzTarPerm extractEntry package.json
141 silly gunzTarPerm extractEntry .npmignore
142 silly gunzTarPerm extractEntry index.js
143 silly gunzTarPerm extractEntry install
144 silly gunzTarPerm extractEntry History.md
145 silly gunzTarPerm extractEntry .gitmodules
146 silly gunzTarPerm extractEntry .travis.yml
147 silly gunzTarPerm extractEntry lib/bindings.js
148 silly gunzTarPerm extractEntry lib/canvas.js
149 silly gunzTarPerm extractEntry lib/context2d.js
150 silly gunzTarPerm extractEntry lib/image.js
151 silly gunzTarPerm extractEntry lib/jpegstream.js
152 silly gunzTarPerm extractEntry lib/pixelarray.js
153 silly gunzTarPerm extractEntry lib/pngstream.js
154 silly gunzTarPerm extractEntry Makefile
155 silly gunzTarPerm extractEntry binding.gyp
156 silly gunzTarPerm extractEntry Readme.md
157 silly gunzTarPerm extractEntry src/FontFace.cc
158 silly gunzTarPerm extractEntry src/Canvas.cc
159 silly gunzTarPerm extractEntry src/CanvasGradient.cc
160 silly gunzTarPerm extractEntry src/CanvasGradient.h
161 silly gunzTarPerm extractEntry src/CanvasPattern.cc
162 silly gunzTarPerm extractEntry src/CanvasPattern.h
163 silly gunzTarPerm extractEntry src/CanvasRenderingContext2d.cc
164 silly gunzTarPerm extractEntry src/CanvasRenderingContext2d.h
165 silly gunzTarPerm extractEntry src/closure.h
166 silly gunzTarPerm extractEntry src/color.cc
167 silly gunzTarPerm extractEntry src/color.h
168 silly gunzTarPerm extractEntry src/Canvas.h
169 silly gunzTarPerm extractEntry src/FontFace.h
170 silly gunzTarPerm extractEntry src/Image.cc
171 silly gunzTarPerm extractEntry src/Image.h
172 silly gunzTarPerm extractEntry src/ImageData.cc
173 silly gunzTarPerm extractEntry src/ImageData.h
174 silly gunzTarPerm extractEntry src/init.cc
175 silly gunzTarPerm extractEntry src/JPEGStream.h
176 silly gunzTarPerm extractEntry src/nan.h
177 silly gunzTarPerm extractEntry src/PixelArray.cc
178 silly gunzTarPerm extractEntry src/PixelArray.h
179 silly gunzTarPerm extractEntry src/Point.h
180 silly gunzTarPerm extractEntry util/cairo_include.sh
181 silly gunzTarPerm extractEntry util/has_cairo_freetype.sh
182 silly gunzTarPerm extractEntry util/has_lib.sh
183 silly gunzTarPerm extractEntry util/lib_lookup.sh
184 silly gunzTarPerm extractEntry color-convert-0.2.0.min.js
185 silly gunzTarPerm extractEntry conversions.js
186 silly gunzTarPerm extractEntry index.js
187 silly gunzTarPerm extractEntry Jakefile.js
188 silly gunzTarPerm extractEntry package.json
189 silly gunzTarPerm extractEntry README.md
190 silly gunzTarPerm extractEntry test.hml
191 silly gunzTarPerm extractEntry test/basic.js
192 info preinstall color-convert@0.2.1
193 silly install resolved []
194 verbose about to build /Users/lintzuhsiu/Developer/Web/environment_pollution/www/fronend/node_modules/heatmap/node_modules/color-convert
195 info build /Users/lintzuhsiu/Developer/Web/environment_pollution/www/fronend/node_modules/heatmap/node_modules/color-convert
196 verbose linkStuff [ false,
196 verbose linkStuff   false,
196 verbose linkStuff   false,
196 verbose linkStuff   '/Users/lintzuhsiu/Developer/Web/environment_pollution/www/fronend/node_modules/heatmap/node_modules' ]
197 info linkStuff color-convert@0.2.1
198 verbose linkBins color-convert@0.2.1
199 verbose linkMans color-convert@0.2.1
200 verbose rebuildBundles color-convert@0.2.1
201 info install color-convert@0.2.1
202 info postinstall color-convert@0.2.1
203 verbose unlock done using /Users/lintzuhsiu/.npm/_locks/color-convert-ca953c11b4cc287b.lock for /Users/lintzuhsiu/Developer/Web/environment_pollution/www/fronend/node_modules/heatmap/node_modules/color-convert
204 info preinstall canvas@1.0.4
205 silly install resolved []
206 verbose about to build /Users/lintzuhsiu/Developer/Web/environment_pollution/www/fronend/node_modules/heatmap/node_modules/canvas
207 info build /Users/lintzuhsiu/Developer/Web/environment_pollution/www/fronend/node_modules/heatmap/node_modules/canvas
208 verbose linkStuff [ false,
208 verbose linkStuff   false,
208 verbose linkStuff   false,
208 verbose linkStuff   '/Users/lintzuhsiu/Developer/Web/environment_pollution/www/fronend/node_modules/heatmap/node_modules' ]
209 info linkStuff canvas@1.0.4
210 verbose linkBins canvas@1.0.4
211 verbose linkMans canvas@1.0.4
212 verbose rebuildBundles canvas@1.0.4
213 info install canvas@1.0.4
214 verbose unsafe-perm in lifecycle true
215 info canvas@1.0.4 Failed to exec install script
216 verbose unlock done using /Users/lintzuhsiu/.npm/_locks/canvas-ce3adb029051abec.lock for /Users/lintzuhsiu/Developer/Web/environment_pollution/www/fronend/node_modules/heatmap/node_modules/canvas
217 verbose about to build /Users/lintzuhsiu/Developer/Web/environment_pollution/www/fronend/node_modules/heatmap
218 verbose unlock done using /Users/lintzuhsiu/.npm/_locks/heatmap-383ee63187a91354.lock for /Users/lintzuhsiu/Developer/Web/environment_pollution/www/fronend/node_modules/heatmap
219 verbose stack Error: canvas@1.0.4 install: `node-gyp rebuild`
219 verbose stack Exit status 1
219 verbose stack     at EventEmitter.<anonymous> (/usr/local/lib/node_modules/npm/lib/utils/lifecycle.js:213:16)
219 verbose stack     at EventEmitter.emit (events.js:110:17)
219 verbose stack     at ChildProcess.<anonymous> (/usr/local/lib/node_modules/npm/lib/utils/spawn.js:14:12)
219 verbose stack     at ChildProcess.emit (events.js:110:17)
219 verbose stack     at maybeClose (child_process.js:1008:16)
219 verbose stack     at Process.ChildProcess._handle.onexit (child_process.js:1080:5)
220 verbose pkgid canvas@1.0.4
221 verbose cwd /Users/lintzuhsiu/Developer/Web/environment_pollution/www/fronend
222 error Darwin 14.3.0
223 error argv "node" "/usr/local/bin/npm" "install" "heatmap"
224 error node v0.11.16
225 error npm  v2.3.0
226 error code ELIFECYCLE
227 error canvas@1.0.4 install: `node-gyp rebuild`
227 error Exit status 1
228 error Failed at the canvas@1.0.4 install script 'node-gyp rebuild'.
228 error This is most likely a problem with the canvas package,
228 error not with npm itself.
228 error Tell the author that this fails on your system:
228 error     node-gyp rebuild
228 error You can get their info via:
228 error     npm owner ls canvas
228 error There is likely additional logging output above.
229 verbose exit [ 1, true ]
230 verbose unbuild node_modules/heatmap/node_modules/canvas
231 info preuninstall canvas@1.0.4
232 info uninstall canvas@1.0.4
233 verbose unbuild rmStuff canvas@1.0.4 from /Users/lintzuhsiu/Developer/Web/environment_pollution/www/fronend/node_modules
234 verbose unbuild rmStuff in /Users/lintzuhsiu/Developer/Web/environment_pollution/www/fronend/node_modules/heatmap/node_modules
235 info postuninstall canvas@1.0.4
236 verbose gentlyRm vacuuming /Users/lintzuhsiu/Developer/Web/environment_pollution/www/fronend/node_modules/heatmap/node_modules/canvas
237 silly gentlyRm purging /Users/lintzuhsiu/Developer/Web/environment_pollution/www/fronend/node_modules/heatmap/node_modules/canvas
238 silly gentlyRm quitting because other entries in /Users/lintzuhsiu/Developer/Web/environment_pollution/www/fronend/node_modules/heatmap/node_modules
239 verbose unbuild node_modules/heatmap
240 info preuninstall heatmap@0.0.5
241 info uninstall heatmap@0.0.5
242 verbose unbuild rmStuff heatmap@0.0.5 from /Users/lintzuhsiu/Developer/Web/environment_pollution/www/fronend/node_modules
243 info postuninstall heatmap@0.0.5
244 verbose gentlyRm vacuuming /Users/lintzuhsiu/Developer/Web/environment_pollution/www/fronend/node_modules/heatmap
245 silly gentlyRm purging /Users/lintzuhsiu/Developer/Web/environment_pollution/www/fronend/node_modules/heatmap
246 silly gentlyRm quitting because other entries in /Users/lintzuhsiu/Developer/Web/environment_pollution/www/fronend/node_modules
